# JRE version: Java(TM) SE Runtime Environment (8.0_31-b13) (build 1.8.0_31-b13)
# Java VM: Java HotSpot(TM) 64-Bit Server VM (25.31-b07 mixed mode windows-amd64 compressed oops)
Heap:
 PSYoungGen      total 61952K, used 19512K [0x00000000dae00000, 0x00000000e2700000, 0x0000000100000000)
  eden space 57344K, 26% used [0x00000000dae00000,0x00000000dbc902d8,0x00000000de600000)
  from space 4608K, 99% used [0x00000000de600000,0x00000000dea7e070,0x00000000dea80000)
  to   space 4608K, 0% used [0x00000000e2280000,0x00000000e2280000,0x00000000e2700000)
 ParOldGen       total 76800K, used 6852K [0x0000000090a00000, 0x0000000095500000, 0x00000000dae00000)
  object space 76800K, 8% used [0x0000000090a00000,0x00000000910b1240,0x0000000095500000)
 Metaspace       used 15844K, capacity 16182K, committed 16384K, reserved 1062912K
  class space    used 1904K, capacity 2008K, committed 2048K, reserved 1048576K
GC Heap History (6 events):
Event: 1.157 GC heap before
{Heap before GC invocations=1 (full 0):
 PSYoungGen      total 33280K, used 28672K [0x00000000dae00000, 0x00000000dd300000, 0x0000000100000000)
  eden space 28672K, 100% used [0x00000000dae00000,0x00000000dca00000,0x00000000dca00000)
  from space 4608K, 0% used [0x00000000dce80000,0x00000000dce80000,0x00000000dd300000)
  to   space 4608K, 0% used [0x00000000dca00000,0x00000000dca00000,0x00000000dce80000)
 ParOldGen       total 76800K, used 0K [0x0000000090a00000, 0x0000000095500000, 0x00000000dae00000)
  object space 76800K, 0% used [0x0000000090a00000,0x0000000090a00000,0x0000000095500000)
 Metaspace       used 8678K, capacity 8840K, committed 9088K, reserved 1056768K
  class space    used 1024K, capacity 1052K, committed 1152K, reserved 1048576K
Event: 1.179 GC heap after
Heap after GC invocations=1 (full 0):
 PSYoungGen      total 33280K, used 4580K [0x00000000dae00000, 0x00000000def00000, 0x0000000100000000)
  eden space 28672K, 0% used [0x00000000dae00000,0x00000000dae00000,0x00000000dca00000)
  from space 4608K, 99% used [0x00000000dca00000,0x00000000dce790b8,0x00000000dce80000)
  to   space 4608K, 0% used [0x00000000dea80000,0x00000000dea80000,0x00000000def00000)
 ParOldGen       total 76800K, used 416K [0x0000000090a00000, 0x0000000095500000, 0x00000000dae00000)
  object space 76800K, 0% used [0x0000000090a00000,0x0000000090a68210,0x0000000095500000)
 Metaspace       used 8678K, capacity 8840K, committed 9088K, reserved 1056768K
  class space    used 1024K, capacity 1052K, committed 1152K, reserved 1048576K
}
Event: 1.517 GC heap before
{Heap before GC invocations=2 (full 0):
 PSYoungGen      total 33280K, used 33252K [0x00000000dae00000, 0x00000000def00000, 0x0000000100000000)
  eden space 28672K, 100% used [0x00000000dae00000,0x00000000dca00000,0x00000000dca00000)
  from space 4608K, 99% used [0x00000000dca00000,0x00000000dce790b8,0x00000000dce80000)
  to   space 4608K, 0% used [0x00000000dea80000,0x00000000dea80000,0x00000000def00000)
 ParOldGen       total 76800K, used 416K [0x0000000090a00000, 0x0000000095500000, 0x00000000dae00000)
  object space 76800K, 0% used [0x0000000090a00000,0x0000000090a68210,0x0000000095500000)
 Metaspace       used 10604K, capacity 10802K, committed 11136K, reserved 1058816K
  class space    used 1264K, capacity 1318K, committed 1408K, reserved 1048576K
Event: 1.523 GC heap after
Heap after GC invocations=2 (full 0):
 PSYoungGen      total 61952K, used 4580K [0x00000000dae00000, 0x00000000def00000, 0x0000000100000000)
  eden space 57344K, 0% used [0x00000000dae00000,0x00000000dae00000,0x00000000de600000)
  from space 4608K, 99% used [0x00000000dea80000,0x00000000deef9010,0x00000000def00000)
  to   space 4608K, 0% used [0x00000000de600000,0x00000000de600000,0x00000000dea80000)
 ParOldGen       total 76800K, used 970K [0x0000000090a00000, 0x0000000095500000, 0x00000000dae00000)
  object space 76800K, 1% used [0x0000000090a00000,0x0000000090af2ab0,0x0000000095500000)
 Metaspace       used 10604K, capacity 10802K, committed 11136K, reserved 1058816K
  class space    used 1264K, capacity 1318K, committed 1408K, reserved 1048576K
}
Event: 2.703 GC heap before
{Heap before GC invocations=3 (full 0):
 PSYoungGen      total 61952K, used 61924K [0x00000000dae00000, 0x00000000def00000, 0x0000000100000000)
  eden space 57344K, 100% used [0x00000000dae00000,0x00000000de600000,0x00000000de600000)
  from space 4608K, 99% used [0x00000000dea80000,0x00000000deef9010,0x00000000def00000)
  to   space 4608K, 0% used [0x00000000de600000,0x00000000de600000,0x00000000dea80000)
 ParOldGen       total 76800K, used 970K [0x0000000090a00000, 0x0000000095500000, 0x00000000dae00000)
  object space 76800K, 1% used [0x0000000090a00000,0x0000000090af2ab0,0x0000000095500000)
 Metaspace       used 15697K, capacity 16016K, committed 16384K, reserved 1062912K
  class space    used 1888K, capacity 1975K, committed 2048K, reserved 1048576K
Event: 2.717 GC heap after
Heap after GC invocations=3 (full 0):
 PSYoungGen      total 61952K, used 4600K [0x00000000dae00000, 0x00000000e2700000, 0x0000000100000000)
  eden space 57344K, 0% used [0x00000000dae00000,0x00000000dae00000,0x00000000de600000)
  from space 4608K, 99% used [0x00000000de600000,0x00000000dea7e070,0x00000000dea80000)
  to   space 4608K, 0% used [0x00000000e2280000,0x00000000e2280000,0x00000000e2700000)
 ParOldGen       total 76800K, used 6852K [0x0000000090a00000, 0x0000000095500000, 0x00000000dae00000)
  object space 76800K, 8% used [0x0000000090a00000,0x00000000910b1240,0x0000000095500000)
 Metaspace       used 15697K, capacity 16016K, committed 16384K, reserved 1062912K
  class space    used 1888K, capacity 1975K, committed 2048K, reserved 1048576K
}

