# JRE version: Java(TM) SE Runtime Environment (8.0_31-b13) (build 1.8.0_31-b13)
# Java VM: Java HotSpot(TM) 64-Bit Server VM (25.31-b07 mixed mode windows-amd64 compressed oops)
Heap:
 PSYoungGen      total 33280K, used 10863K [0x00000000dae00000, 0x00000000dd300000, 0x0000000100000000)
  eden space 28672K, 21% used [0x00000000dae00000,0x00000000db420e48,0x00000000dca00000)
  from space 4608K, 99% used [0x00000000dca00000,0x00000000dce7ae40,0x00000000dce80000)
  to   space 4608K, 0% used [0x00000000dce80000,0x00000000dce80000,0x00000000dd300000)
 ParOldGen       total 76800K, used 2906K [0x0000000090a00000, 0x0000000095500000, 0x00000000dae00000)
  object space 76800K, 3% used [0x0000000090a00000,0x0000000090cd6830,0x0000000095500000)
 Metaspace       used 13728K, capacity 14022K, committed 14336K, reserved 1062912K
  class space    used 1703K, capacity 1772K, committed 1792K, reserved 1048576K
GC Heap History (6 events):
Event: 4.075 GC heap before
{Heap before GC invocations=1 (full 0):
 PSYoungGen      total 33280K, used 28672K [0x00000000dae00000, 0x00000000dd300000, 0x0000000100000000)
  eden space 28672K, 100% used [0x00000000dae00000,0x00000000dca00000,0x00000000dca00000)
  from space 4608K, 0% used [0x00000000dce80000,0x00000000dce80000,0x00000000dd300000)
  to   space 4608K, 0% used [0x00000000dca00000,0x00000000dca00000,0x00000000dce80000)
 ParOldGen       total 76800K, used 0K [0x0000000090a00000, 0x0000000095500000, 0x00000000dae00000)
  object space 76800K, 0% used [0x0000000090a00000,0x0000000090a00000,0x0000000095500000)
 Metaspace       used 8661K, capacity 8804K, committed 9088K, reserved 1056768K
  class space    used 1022K, capacity 1084K, committed 1152K, reserved 1048576K
Event: 4.089 GC heap after
Heap after GC invocations=1 (full 0):
 PSYoungGen      total 33280K, used 4604K [0x00000000dae00000, 0x00000000dd300000, 0x0000000100000000)
  eden space 28672K, 0% used [0x00000000dae00000,0x00000000dae00000,0x00000000dca00000)
  from space 4608K, 99% used [0x00000000dca00000,0x00000000dce7f260,0x00000000dce80000)
  to   space 4608K, 0% used [0x00000000dce80000,0x00000000dce80000,0x00000000dd300000)
 ParOldGen       total 76800K, used 467K [0x0000000090a00000, 0x0000000095500000, 0x00000000dae00000)
  object space 76800K, 0% used [0x0000000090a00000,0x0000000090a74c88,0x0000000095500000)
 Metaspace       used 8661K, capacity 8804K, committed 9088K, reserved 1056768K
  class space    used 1022K, capacity 1084K, committed 1152K, reserved 1048576K
}
Event: 4.738 GC heap before
{Heap before GC invocations=2 (full 0):
 PSYoungGen      total 33280K, used 33276K [0x00000000dae00000, 0x00000000dd300000, 0x0000000100000000)
  eden space 28672K, 100% used [0x00000000dae00000,0x00000000dca00000,0x00000000dca00000)
  from space 4608K, 99% used [0x00000000dca00000,0x00000000dce7f260,0x00000000dce80000)
  to   space 4608K, 0% used [0x00000000dce80000,0x00000000dce80000,0x00000000dd300000)
 ParOldGen       total 76800K, used 467K [0x0000000090a00000, 0x0000000095500000, 0x00000000dae00000)
  object space 76800K, 0% used [0x0000000090a00000,0x0000000090a74c88,0x0000000095500000)
 Metaspace       used 10480K, capacity 10668K, committed 10880K, reserved 1058816K
  class space    used 1261K, capacity 1316K, committed 1408K, reserved 1048576K
Event: 4.747 GC heap after
Heap after GC invocations=2 (full 0):
 PSYoungGen      total 33280K, used 4607K [0x00000000dae00000, 0x00000000dd300000, 0x0000000100000000)
  eden space 28672K, 0% used [0x00000000dae00000,0x00000000dae00000,0x00000000dca00000)
  from space 4608K, 99% used [0x00000000dce80000,0x00000000dd2ffe10,0x00000000dd300000)
  to   space 4608K, 0% used [0x00000000dca00000,0x00000000dca00000,0x00000000dce80000)
 ParOldGen       total 76800K, used 958K [0x0000000090a00000, 0x0000000095500000, 0x00000000dae00000)
  object space 76800K, 1% used [0x0000000090a00000,0x0000000090aef990,0x0000000095500000)
 Metaspace       used 10480K, capacity 10668K, committed 10880K, reserved 1058816K
  class space    used 1261K, capacity 1316K, committed 1408K, reserved 1048576K
}
Event: 6.228 GC heap before
{Heap before GC invocations=3 (full 0):
 PSYoungGen      total 33280K, used 33279K [0x00000000dae00000, 0x00000000dd300000, 0x0000000100000000)
  eden space 28672K, 100% used [0x00000000dae00000,0x00000000dca00000,0x00000000dca00000)
  from space 4608K, 99% used [0x00000000dce80000,0x00000000dd2ffe10,0x00000000dd300000)
  to   space 4608K, 0% used [0x00000000dca00000,0x00000000dca00000,0x00000000dce80000)
 ParOldGen       total 76800K, used 958K [0x0000000090a00000, 0x0000000095500000, 0x00000000dae00000)
  object space 76800K, 1% used [0x0000000090a00000,0x0000000090aef990,0x0000000095500000)
 Metaspace       used 13289K, capacity 13600K, committed 13824K, reserved 1060864K
  class space    used 1646K, capacity 1739K, committed 1792K, reserved 1048576K
Event: 6.239 GC heap after
Heap after GC invocations=3 (full 0):
 PSYoungGen      total 33280K, used 4587K [0x00000000dae00000, 0x00000000dd300000, 0x0000000100000000)
  eden space 28672K, 0% used [0x00000000dae00000,0x00000000dae00000,0x00000000dca00000)
  from space 4608K, 99% used [0x00000000dca00000,0x00000000dce7ae40,0x00000000dce80000)
  to   space 4608K, 0% used [0x00000000dce80000,0x00000000dce80000,0x00000000dd300000)
 ParOldGen       total 76800K, used 2906K [0x0000000090a00000, 0x0000000095500000, 0x00000000dae00000)
  object space 76800K, 3% used [0x0000000090a00000,0x0000000090cd6830,0x0000000095500000)
 Metaspace       used 13289K, capacity 13600K, committed 13824K, reserved 1060864K
  class space    used 1646K, capacity 1739K, committed 1792K, reserved 1048576K
}

